[2014-11-07 10:01:30,730] DEBUG preRegister called. Server=com.sun.jmx.mbeanserver.JmxMBeanServer@63947c6b, name=log4j:logger=kafka.controller (kafka.controller)
[2014-11-07 10:01:37,937] INFO [Controller 0]: Controller starting up (kafka.controller.KafkaController)
[2014-11-07 10:01:38,008] INFO [Controller 0]: Broker 0 starting become controller state transition (kafka.controller.KafkaController)
[2014-11-07 10:01:38,028] INFO [Controller 0]: Controller 0 incremented epoch to 1 (kafka.controller.KafkaController)
[2014-11-07 10:01:38,083] INFO [Controller 0]: Partitions undergoing preferred replica election:  (kafka.controller.KafkaController)
[2014-11-07 10:01:38,084] INFO [Controller 0]: Partitions that completed preferred replica election:  (kafka.controller.KafkaController)
[2014-11-07 10:01:38,084] INFO [Controller 0]: Resuming preferred replica election for partitions:  (kafka.controller.KafkaController)
[2014-11-07 10:01:38,087] INFO [Controller 0]: Partitions being reassigned: Map() (kafka.controller.KafkaController)
[2014-11-07 10:01:38,088] INFO [Controller 0]: Partitions already reassigned: List() (kafka.controller.KafkaController)
[2014-11-07 10:01:38,089] INFO [Controller 0]: Resuming reassignment of partitions: Map() (kafka.controller.KafkaController)
[2014-11-07 10:01:38,094] INFO [Controller 0]: List of topics to be deleted:  (kafka.controller.KafkaController)
[2014-11-07 10:01:38,095] INFO [Controller 0]: List of topics ineligible for deletion:  (kafka.controller.KafkaController)
[2014-11-07 10:01:38,104] INFO [Controller 0]: Currently active brokers in the cluster: Set() (kafka.controller.KafkaController)
[2014-11-07 10:01:38,105] INFO [Controller 0]: Currently shutting brokers in the cluster: Set() (kafka.controller.KafkaController)
[2014-11-07 10:01:38,106] INFO [Controller 0]: Current list of topics in the cluster: Set() (kafka.controller.KafkaController)
[2014-11-07 10:01:38,109] INFO [Replica state machine on controller 0]: Started replica state machine with initial state -> Map() (kafka.controller.ReplicaStateMachine)
[2014-11-07 10:01:38,114] INFO [Partition state machine on Controller 0]: Started partition state machine with initial state -> Map() (kafka.controller.PartitionStateMachine)
[2014-11-07 10:01:38,115] INFO [Controller 0]: Broker 0 is ready to serve as the new controller with epoch 1 (kafka.controller.KafkaController)
[2014-11-07 10:01:38,116] INFO [Controller 0]: Starting preferred replica leader election for partitions  (kafka.controller.KafkaController)
[2014-11-07 10:01:38,117] INFO [Partition state machine on Controller 0]: Invoking state change to OnlinePartition for partitions  (kafka.controller.PartitionStateMachine)
[2014-11-07 10:01:38,125] INFO [Controller 0]: Controller startup complete (kafka.controller.KafkaController)
[2014-11-07 10:01:38,242] DEBUG [ControllerEpochListener on 0]: Controller epoch listener fired with new epoch 1 (kafka.controller.ControllerEpochListener)
[2014-11-07 10:01:38,248] INFO [ControllerEpochListener on 0]: Initialized controller epoch to 1 and zk version 0 (kafka.controller.ControllerEpochListener)
[2014-11-07 10:01:38,255] INFO [BrokerChangeListener on Controller 0]: Broker change listener fired for path /brokers/ids with children 0 (kafka.controller.ReplicaStateMachine$BrokerChangeListener)
[2014-11-07 10:01:38,288] INFO [BrokerChangeListener on Controller 0]: Newly added brokers: 0, deleted brokers: , all live brokers: 0 (kafka.controller.ReplicaStateMachine$BrokerChangeListener)
[2014-11-07 10:01:38,289] DEBUG [Channel manager on controller 0]: Controller 0 trying to connect to broker 0 (kafka.controller.ControllerChannelManager)
[2014-11-07 10:01:38,300] INFO [Controller-0-to-broker-0-send-thread], Controller 0 connected to id:0,host:daniel-HP-Pavilion-dv7-Notebook-PC,port:9092 for sending state change requests (kafka.controller.RequestSendThread)
[2014-11-07 10:01:38,303] INFO [Controller-0-to-broker-0-send-thread], Starting  (kafka.controller.RequestSendThread)
[2014-11-07 10:01:38,304] INFO [Controller 0]: New broker startup callback for 0 (kafka.controller.KafkaController)
[2014-11-07 10:01:56,159] DEBUG [TopicChangeListener on Controller 0]: Topic change listener fired for path /brokers/topics with children voteLog (kafka.controller.PartitionStateMachine$TopicChangeListener)
[2014-11-07 10:01:56,173] INFO [TopicChangeListener on Controller 0]: New topics: [Set(voteLog)], deleted topics: [Set()], new partition replica assignment [Map([voteLog,0] -> List(0))] (kafka.controller.PartitionStateMachine$TopicChangeListener)
[2014-11-07 10:01:56,174] INFO [Controller 0]: New topic creation callback for [voteLog,0] (kafka.controller.KafkaController)
[2014-11-07 10:01:56,178] INFO [Controller 0]: New partition creation callback for [voteLog,0] (kafka.controller.KafkaController)
[2014-11-07 10:01:56,179] INFO [Partition state machine on Controller 0]: Invoking state change to NewPartition for partitions [voteLog,0] (kafka.controller.PartitionStateMachine)
[2014-11-07 10:01:56,189] INFO [Replica state machine on controller 0]: Invoking state change to NewReplica for replicas [Topic=voteLog,Partition=0,Replica=0] (kafka.controller.ReplicaStateMachine)
[2014-11-07 10:01:56,192] INFO [Partition state machine on Controller 0]: Invoking state change to OnlinePartition for partitions [voteLog,0] (kafka.controller.PartitionStateMachine)
[2014-11-07 10:01:56,194] DEBUG [Partition state machine on Controller 0]: Live assigned replicas for partition [voteLog,0] are: [List(0)] (kafka.controller.PartitionStateMachine)
[2014-11-07 10:01:56,196] DEBUG [Partition state machine on Controller 0]: Initializing leader and isr for partition [voteLog,0] to (Leader:0,ISR:0,LeaderEpoch:0,ControllerEpoch:1) (kafka.controller.PartitionStateMachine)
[2014-11-07 10:01:56,245] INFO [Replica state machine on controller 0]: Invoking state change to OnlineReplica for replicas [Topic=voteLog,Partition=0,Replica=0] (kafka.controller.ReplicaStateMachine)
[2014-11-07 10:28:33,757] INFO [Controller-0-to-broker-0-send-thread], Shutting down (kafka.controller.RequestSendThread)
[2014-11-07 10:28:33,758] INFO [Controller-0-to-broker-0-send-thread], Stopped  (kafka.controller.RequestSendThread)
[2014-11-07 10:28:33,758] INFO [Controller-0-to-broker-0-send-thread], Shutdown completed (kafka.controller.RequestSendThread)
[2014-11-07 10:28:33,759] INFO [Controller 0]: Controller shutdown complete (kafka.controller.KafkaController)
