Java HotSpot(TM) 64-Bit Server VM (25.25-b02) for linux-amd64 JRE (1.8.0_25-b17), built on Sep 17 2014 17:32:11 by "java_re" with gcc 4.3.0 20080428 (Red Hat 4.3.0-8)
Memory: 4k page, physical 16380300k(13040212k free), swap 0k(0k free)
CommandLine flags: -XX:+CMSClassUnloadingEnabled -XX:+CMSScavengeBeforeRemark -XX:+DisableExplicitGC -XX:InitialHeapSize=1073741824 -XX:+ManagementServer -XX:MaxHeapSize=1073741824 -XX:MaxNewSize=357916672 -XX:MaxTenuringThreshold=6 -XX:NewSize=357916672 -XX:OldPLABSize=16 -XX:OldSize=715825152 -XX:+PrintGC -XX:+PrintGCDateStamps -XX:+PrintGCDetails -XX:+PrintGCTimeStamps -XX:+UseCompressedClassPointers -XX:+UseCompressedOops -XX:+UseConcMarkSweepGC -XX:+UseParNewGC 
2014-11-07T10:03:04.180-0300: 88,251: [GC (Allocation Failure) 88,251: [ParNew: 279616K->11265K(314560K), 0,0156579 secs] 279616K->11265K(1013632K), 0,0158340 secs] [Times: user=0,04 sys=0,00, real=0,02 secs] 
2014-11-07T10:04:06.491-0300: 150,562: [GC (Allocation Failure) 150,562: [ParNew: 290881K->4635K(314560K), 0,0058582 secs] 290881K->4635K(1013632K), 0,0060732 secs] [Times: user=0,03 sys=0,01, real=0,01 secs] 
2014-11-07T10:05:15.738-0300: 219,809: [GC (Allocation Failure) 219,809: [ParNew: 284251K->5299K(314560K), 0,0123786 secs] 284251K->5299K(1013632K), 0,0126989 secs] [Times: user=0,08 sys=0,00, real=0,01 secs] 
2014-11-07T10:06:30.148-0300: 294,219: [GC (Allocation Failure) 294,219: [ParNew: 284915K->4828K(314560K), 0,0129346 secs] 284915K->4828K(1013632K), 0,0132461 secs] [Times: user=0,08 sys=0,00, real=0,01 secs] 
2014-11-07T10:07:47.807-0300: 371,878: [GC (Allocation Failure) 371,878: [ParNew: 284444K->4403K(314560K), 0,0093085 secs] 284444K->4403K(1013632K), 0,0096163 secs] [Times: user=0,05 sys=0,00, real=0,01 secs] 
2014-11-07T10:09:01.078-0300: 445,149: [GC (Allocation Failure) 445,149: [ParNew: 284019K->4855K(314560K), 0,0086665 secs] 284019K->4855K(1013632K), 0,0088356 secs] [Times: user=0,05 sys=0,00, real=0,01 secs] 
2014-11-07T10:10:12.664-0300: 516,735: [GC (Allocation Failure) 516,735: [ParNew: 284471K->3535K(314560K), 0,0288455 secs] 284471K->6668K(1013632K), 0,0291298 secs] [Times: user=0,11 sys=0,00, real=0,04 secs] 
2014-11-07T10:11:22.792-0300: 586,863: [GC (Allocation Failure) 586,863: [ParNew: 283151K->1623K(314560K), 0,0083178 secs] 286284K->4759K(1013632K), 0,0086138 secs] [Times: user=0,05 sys=0,00, real=0,01 secs] 
2014-11-07T10:12:39.721-0300: 663,792: [GC (Allocation Failure) 663,792: [ParNew: 281239K->2094K(314560K), 0,0073970 secs] 284375K->5278K(1013632K), 0,0076365 secs] [Times: user=0,04 sys=0,01, real=0,01 secs] 
2014-11-07T10:13:56.507-0300: 740,578: [GC (Allocation Failure) 740,578: [ParNew: 281710K->2938K(314560K), 0,0087065 secs] 284894K->6129K(1013632K), 0,0090131 secs] [Times: user=0,04 sys=0,00, real=0,01 secs] 
2014-11-07T10:16:30.886-0300: 894,957: [GC (Allocation Failure) 894,957: [ParNew: 282554K->4444K(314560K), 0,0082785 secs] 285745K->7658K(1013632K), 0,0084986 secs] [Times: user=0,07 sys=0,00, real=0,01 secs] 
2014-11-07T10:17:48.900-0300: 972,971: [GC (Allocation Failure) 972,971: [ParNew: 284060K->6832K(314560K), 0,0107408 secs] 287274K->10105K(1013632K), 0,0110250 secs] [Times: user=0,07 sys=0,00, real=0,01 secs] 
2014-11-07T10:19:06.878-0300: 1050,949: [GC (Allocation Failure) 1050,949: [ParNew: 286448K->9380K(314560K), 0,0168731 secs] 289721K->12800K(1013632K), 0,0171026 secs] [Times: user=0,14 sys=0,00, real=0,02 secs] 
2014-11-07T10:20:25.184-0300: 1129,255: [GC (Allocation Failure) 1129,256: [ParNew: 288996K->11569K(314560K), 0,0139815 secs] 292416K->15425K(1013632K), 0,2839085 secs] [Times: user=0,13 sys=0,00, real=0,29 secs] 
2014-11-07T10:21:42.867-0300: 1206,938: [GC (Allocation Failure) 1206,938: [ParNew: 291185K->9005K(314560K), 0,0173426 secs] 295041K->13601K(1013632K), 0,0175689 secs] [Times: user=0,15 sys=0,00, real=0,01 secs] 
2014-11-07T10:23:00.015-0300: 1284,086: [GC (Allocation Failure) 1284,086: [ParNew: 288621K->11185K(314560K), 0,0188163 secs] 293217K->16703K(1013632K), 0,0190397 secs] [Times: user=0,14 sys=0,00, real=0,02 secs] 
2014-11-07T10:24:15.829-0300: 1359,899: [GC (Allocation Failure) 1359,900: [ParNew: 290801K->10724K(314560K), 0,0142188 secs] 296319K->17829K(1013632K), 0,0146169 secs] [Times: user=0,08 sys=0,00, real=0,01 secs] 
2014-11-07T10:25:32.736-0300: 1436,807: [GC (Allocation Failure) 1436,807: [ParNew: 290340K->8849K(314560K), 0,0153437 secs] 297445K->17446K(1013632K), 0,0156429 secs] [Times: user=0,09 sys=0,00, real=0,01 secs] 
2014-11-07T10:26:49.768-0300: 1513,839: [GC (Allocation Failure) 1513,839: [ParNew: 288465K->9377K(314560K), 0,0178559 secs] 297062K->19158K(1013632K), 0,0180899 secs] [Times: user=0,16 sys=0,00, real=0,02 secs] 
2014-11-07T10:28:07.009-0300: 1591,080: [GC (Allocation Failure) 1591,080: [ParNew: 288993K->10873K(314560K), 0,0147301 secs] 298774K->21774K(1013632K), 0,0150619 secs] [Times: user=0,07 sys=0,01, real=0,01 secs] 
Heap
 par new generation   total 314560K, used 128337K [0x00000000c0000000, 0x00000000d5550000, 0x00000000d5550000)
  eden space 279616K,  42% used [0x00000000c0000000, 0x00000000c72b5f50, 0x00000000d1110000)
  from space 34944K,  31% used [0x00000000d1110000, 0x00000000d1bae698, 0x00000000d3330000)
  to   space 34944K,   0% used [0x00000000d3330000, 0x00000000d3330000, 0x00000000d5550000)
 concurrent mark-sweep generation total 699072K, used 10900K [0x00000000d5550000, 0x0000000100000000, 0x0000000100000000)
 Metaspace       used 20107K, capacity 20250K, committed 20480K, reserved 1067008K
  class space    used 3215K, capacity 3261K, committed 3328K, reserved 1048576K
