[2014-11-07 10:01:37,176] INFO Verifying properties (kafka.utils.VerifiableProperties)
[2014-11-07 10:01:37,260] INFO Property broker.id is overridden to 0 (kafka.utils.VerifiableProperties)
[2014-11-07 10:01:37,260] INFO Property log.cleaner.enable is overridden to false (kafka.utils.VerifiableProperties)
[2014-11-07 10:01:37,260] INFO Property log.dirs is overridden to /tmp/kafka-logs (kafka.utils.VerifiableProperties)
[2014-11-07 10:01:37,261] INFO Property log.retention.check.interval.ms is overridden to 60000 (kafka.utils.VerifiableProperties)
[2014-11-07 10:01:37,261] INFO Property log.retention.hours is overridden to 168 (kafka.utils.VerifiableProperties)
[2014-11-07 10:01:37,261] INFO Property log.segment.bytes is overridden to 536870912 (kafka.utils.VerifiableProperties)
[2014-11-07 10:01:37,261] INFO Property num.io.threads is overridden to 8 (kafka.utils.VerifiableProperties)
[2014-11-07 10:01:37,261] INFO Property num.network.threads is overridden to 2 (kafka.utils.VerifiableProperties)
[2014-11-07 10:01:37,262] INFO Property num.partitions is overridden to 2 (kafka.utils.VerifiableProperties)
[2014-11-07 10:01:37,262] INFO Property port is overridden to 9092 (kafka.utils.VerifiableProperties)
[2014-11-07 10:01:37,262] INFO Property socket.receive.buffer.bytes is overridden to 1048576 (kafka.utils.VerifiableProperties)
[2014-11-07 10:01:37,262] INFO Property socket.request.max.bytes is overridden to 104857600 (kafka.utils.VerifiableProperties)
[2014-11-07 10:01:37,262] INFO Property socket.send.buffer.bytes is overridden to 1048576 (kafka.utils.VerifiableProperties)
[2014-11-07 10:01:37,262] INFO Property zookeeper.connect is overridden to localhost:2181 (kafka.utils.VerifiableProperties)
[2014-11-07 10:01:37,263] INFO Property zookeeper.connection.timeout.ms is overridden to 1000000 (kafka.utils.VerifiableProperties)
[2014-11-07 10:01:37,331] INFO [Kafka Server 0], starting (kafka.server.KafkaServer)
[2014-11-07 10:01:37,332] INFO [Kafka Server 0], Connecting to zookeeper on localhost:2181 (kafka.server.KafkaServer)
[2014-11-07 10:01:37,671] INFO Log directory '/tmp/kafka-logs' not found, creating it. (kafka.log.LogManager)
[2014-11-07 10:01:37,700] INFO Starting log cleanup with a period of 60000 ms. (kafka.log.LogManager)
[2014-11-07 10:01:37,702] INFO Starting log flusher with a default period of 9223372036854775807 ms. (kafka.log.LogManager)
[2014-11-07 10:01:37,769] INFO Awaiting socket connections on 0.0.0.0:9092. (kafka.network.Acceptor)
[2014-11-07 10:01:37,770] INFO [Socket Server on Broker 0], Started (kafka.network.SocketServer)
[2014-11-07 10:01:37,936] INFO Will not load MX4J, mx4j-tools.jar is not in the classpath (kafka.utils.Mx4jLoader$)
[2014-11-07 10:01:38,006] INFO 0 successfully elected as leader (kafka.server.ZookeeperLeaderElector)
[2014-11-07 10:01:38,158] INFO Registered broker 0 at path /brokers/ids/0 with address daniel-HP-Pavilion-dv7-Notebook-PC:9092. (kafka.utils.ZkUtils$)
[2014-11-07 10:01:38,167] INFO [Kafka Server 0], started (kafka.server.KafkaServer)
[2014-11-07 10:01:38,238] INFO New leader is 0 (kafka.server.ZookeeperLeaderElector$LeaderChangeListener)
[2014-11-07 10:01:56,300] INFO [ReplicaFetcherManager on broker 0] Removed fetcher for partitions [voteLog,0] (kafka.server.ReplicaFetcherManager)
[2014-11-07 10:01:56,323] INFO Completed load of log voteLog-0 with log end offset 0 (kafka.log.Log)
[2014-11-07 10:01:56,325] INFO Created log for partition [voteLog,0] in /tmp/kafka-logs with properties {segment.index.bytes -> 10485760, file.delete.delay.ms -> 60000, segment.bytes -> 536870912, flush.ms -> 9223372036854775807, delete.retention.ms -> 86400000, index.interval.bytes -> 4096, retention.bytes -> -1, cleanup.policy -> delete, segment.ms -> 604800000, max.message.bytes -> 1000012, flush.messages -> 9223372036854775807, min.cleanable.dirty.ratio -> 0.5, retention.ms -> 604800000}. (kafka.log.LogManager)
[2014-11-07 10:01:56,326] WARN Partition [voteLog,0] on broker 0: No checkpointed highwatermark is found for partition [voteLog,0] (kafka.cluster.Partition)
[2014-11-07 10:14:38,857] INFO Closing socket connection to /127.0.0.1. (kafka.network.Processor)
[2014-11-07 10:28:33,415] INFO Closing socket connection to /127.0.0.1. (kafka.network.Processor)
[2014-11-07 10:28:33,415] INFO Closing socket connection to /127.0.0.1. (kafka.network.Processor)
[2014-11-07 10:28:33,418] INFO Closing socket connection to /127.0.0.1. (kafka.network.Processor)
[2014-11-07 10:28:33,438] INFO [Kafka Server 0], shutting down (kafka.server.KafkaServer)
[2014-11-07 10:28:33,440] INFO [Socket Server on Broker 0], Shutting down (kafka.network.SocketServer)
[2014-11-07 10:28:33,443] INFO [Socket Server on Broker 0], Shutdown completed (kafka.network.SocketServer)
[2014-11-07 10:28:33,444] INFO [Kafka Request Handler on Broker 0], shutting down (kafka.server.KafkaRequestHandlerPool)
[2014-11-07 10:28:33,451] INFO [Kafka Request Handler on Broker 0], shut down completely (kafka.server.KafkaRequestHandlerPool)
[2014-11-07 10:28:33,730] INFO [Replica Manager on Broker 0]: Shut down (kafka.server.ReplicaManager)
[2014-11-07 10:28:33,731] INFO [ReplicaFetcherManager on broker 0] shutting down (kafka.server.ReplicaFetcherManager)
[2014-11-07 10:28:33,734] INFO [ReplicaFetcherManager on broker 0] shutdown completed (kafka.server.ReplicaFetcherManager)
[2014-11-07 10:28:33,736] INFO [Replica Manager on Broker 0]: Shutted down completely (kafka.server.ReplicaManager)
[2014-11-07 10:28:33,859] INFO [Kafka Server 0], shut down completed (kafka.server.KafkaServer)
